2022-12-18 15:28:43.531 WARNING (SyncWorker_0) [homeassistant.loader] We found a custom integration xiaomi_miio_philipslight which has not been tested by Home Assistant. This component might cause stability problems, be sure to disable it if you experience issues with Home Assistant
2022-12-18 15:28:43.532 WARNING (SyncWorker_0) [homeassistant.loader] We found a custom integration hacs which has not been tested by Home Assistant. This component might cause stability problems, be sure to disable it if you experience issues with Home Assistant
2022-12-18 15:28:43.533 WARNING (SyncWorker_0) [homeassistant.loader] We found a custom integration xiaomi_gateway3 which has not been tested by Home Assistant. This component might cause stability problems, be sure to disable it if you experience issues with Home Assistant
2022-12-18 15:28:43.533 WARNING (SyncWorker_0) [homeassistant.loader] We found a custom integration xiaomi_miot_raw which has not been tested by Home Assistant. This component might cause stability problems, be sure to disable it if you experience issues with Home Assistant
2022-12-18 15:28:44.943 WARNING (MainThread) [homeassistant.config_entries] Config entry 'E4:5F:01:46:E5:F9' for bluetooth integration not ready yet: Bluetooth adapter None with address E4:5F:01:46:E5:F9 not found; Retrying in background
2022-12-18 15:28:47.951 WARNING (MainThread) [homeassistant.components.sql.sensor] Configuration of the SQL sensor platform in YAML is deprecated and will be removed in Home Assistant 2022.6; Your existing configuration has been imported into the UI automatically and can be safely removed from your configuration.yaml file
2022-12-18 15:28:48.167 ERROR (MainThread) [homeassistant.components.binary_sensor] rpi_power: Error on device update!
Traceback (most recent call last):
  File "/usr/src/homeassistant/homeassistant/helpers/entity_platform.py", line 493, in _async_add_entity
    await entity.async_device_update(warning=False)
  File "/usr/src/homeassistant/homeassistant/helpers/entity.py", line 703, in async_device_update
    await task
  File "/usr/local/lib/python3.10/concurrent/futures/thread.py", line 58, in run
    result = self.fn(*self.args, **self.kwargs)
  File "/usr/src/homeassistant/homeassistant/components/rpi_power/binary_sensor.py", line 50, in update
    value = self._under_voltage.get()
AttributeError: 'NoneType' object has no attribute 'get'
2022-12-18 15:28:54.878 WARNING (MainThread) [homeassistant.components.number] custom_components.xiaomi_miot_raw.number::MiotNumberInput is overriding deprecated methods on an instance of NumberEntity, this is not valid and will be unsupported from Home Assistant 2022.10. Please report it to the custom integration author.
2022-12-18 15:29:00.184 WARNING (MainThread) [homeassistant.components.media_player] Setup of media_player platform dlna_dmr is taking over 10 seconds.
2022-12-18 15:29:00.184 WARNING (MainThread) [homeassistant.components.sensor] Setup of sensor platform xiaomi_miot_raw is taking over 10 seconds.
2022-12-18 15:29:00.185 WARNING (MainThread) [homeassistant.components.climate] Setup of climate platform xiaomi_miot_raw is taking over 10 seconds.
2022-12-18 15:29:00.185 WARNING (MainThread) [homeassistant.components.sensor] Setup of sensor platform xiaomi_miot_raw is taking over 10 seconds.
2022-12-18 15:29:00.191 ERROR (MainThread) [custom_components.xiaomi_miot_raw.deps.xiaomi_cloud_new] Timeout while loading MiCloud device list
2022-12-18 15:29:00.504 ERROR (MainThread) [homeassistant.components.light] The xiaomi_miio platform for the light integration does not support platform setup. Please remove it from your config.
2022-12-18 15:29:00.505 ERROR (MainThread) [homeassistant.components.light] The xiaomi_miio platform for the light integration does not support platform setup. Please remove it from your config.
2022-12-18 15:29:00.906 WARNING (MainThread) [homeassistant.components.mqtt.discovery] Integration update is not supported
2022-12-18 15:29:00.908 WARNING (MainThread) [homeassistant.components.mqtt.discovery] Integration update is not supported
2022-12-18 15:29:00.908 WARNING (MainThread) [homeassistant.components.mqtt.discovery] Integration update is not supported
2022-12-18 15:29:00.909 WARNING (MainThread) [homeassistant.components.mqtt.discovery] Integration update is not supported
2022-12-18 15:29:00.909 WARNING (MainThread) [homeassistant.components.mqtt.discovery] Integration update is not supported
2022-12-18 15:29:00.909 WARNING (MainThread) [homeassistant.components.mqtt.discovery] Integration update is not supported
2022-12-18 15:29:00.909 WARNING (MainThread) [homeassistant.components.mqtt.discovery] Integration update is not supported
2022-12-18 15:29:00.910 WARNING (MainThread) [homeassistant.components.mqtt.discovery] Integration update is not supported
2022-12-18 15:29:00.910 WARNING (MainThread) [homeassistant.components.mqtt.discovery] Integration update is not supported
2022-12-18 15:29:00.910 WARNING (MainThread) [homeassistant.components.mqtt.discovery] Integration update is not supported
2022-12-18 15:29:00.919 WARNING (MainThread) [homeassistant.components.mqtt.discovery] Integration update is not supported
2022-12-18 15:29:00.937 WARNING (MainThread) [homeassistant.components.mqtt.discovery] Integration update is not supported
2022-12-18 15:29:00.938 WARNING (MainThread) [homeassistant.components.mqtt.discovery] Integration update is not supported
2022-12-18 15:29:00.939 WARNING (MainThread) [homeassistant.components.mqtt.discovery] Integration update is not supported
2022-12-18 15:29:00.939 WARNING (MainThread) [homeassistant.components.mqtt.discovery] Integration update is not supported
2022-12-18 15:29:00.939 WARNING (MainThread) [homeassistant.components.mqtt.discovery] Integration update is not supported
2022-12-18 15:29:00.942 WARNING (MainThread) [homeassistant.components.mqtt.discovery] Integration update is not supported
2022-12-18 15:29:00.948 WARNING (MainThread) [homeassistant.components.mqtt.discovery] Integration update is not supported
2022-12-18 15:29:01.119 WARNING (MainThread) [homeassistant.components.mqtt.discovery] Integration update is not supported
2022-12-18 15:29:02.086 ERROR (MainThread) [custom_components.xiaomi_gateway3.core.gateway] 192.168.44.188 | Can't patch Bluetooth utility
2022-12-18 15:29:02.188 ERROR (MainThread) [custom_components.xiaomi_gateway3.core.gateway] 192.168.44.60 | Can't patch Bluetooth utility
2022-12-18 15:29:06.112 ERROR (MainThread) [homeassistant.components.homekit.util] media_player.tv_samsung_7_series_55 does not support any media_player features
2022-12-18 15:29:06.118 ERROR (MainThread) [pyhap.characteristic] SecuritySystemCurrentState: value=0 is an invalid value.
2022-12-18 15:29:06.123 ERROR (MainThread) [pyhap.characteristic] SecuritySystemTargetState: value=0 is an invalid value.
2022-12-18 15:29:15.133 WARNING (MainThread) [homeassistant.components.mqtt.discovery] Integration update is not supported
2022-12-18 15:29:15.525 WARNING (MainThread) [homeassistant.components.mqtt.discovery] Integration update is not supported
2022-12-18 15:29:15.527 WARNING (MainThread) [homeassistant.components.mqtt.discovery] Integration update is not supported
2022-12-18 15:29:15.529 WARNING (MainThread) [homeassistant.components.mqtt.discovery] Integration update is not supported
2022-12-18 15:29:15.529 WARNING (MainThread) [homeassistant.components.mqtt.discovery] Integration update is not supported
2022-12-18 15:29:15.531 WARNING (MainThread) [homeassistant.components.mqtt.discovery] Integration update is not supported
2022-12-18 15:29:15.567 WARNING (MainThread) [homeassistant.components.mqtt.discovery] Integration update is not supported
2022-12-18 15:29:15.568 WARNING (MainThread) [homeassistant.components.mqtt.discovery] Integration update is not supported
2022-12-18 15:29:15.569 WARNING (MainThread) [homeassistant.components.mqtt.discovery] Integration update is not supported
2022-12-18 15:29:15.570 WARNING (MainThread) [homeassistant.components.mqtt.discovery] Integration update is not supported
2022-12-18 15:29:15.570 WARNING (MainThread) [homeassistant.components.mqtt.discovery] Integration update is not supported
2022-12-18 15:29:15.572 WARNING (MainThread) [homeassistant.components.mqtt.discovery] Integration update is not supported
2022-12-18 15:29:15.573 WARNING (MainThread) [homeassistant.components.mqtt.discovery] Integration update is not supported
2022-12-18 15:29:15.574 WARNING (MainThread) [homeassistant.components.mqtt.discovery] Integration update is not supported
2022-12-18 15:29:15.720 WARNING (MainThread) [homeassistant.components.mqtt.light.schema_json] Invalid color mode received for entity light.0x00158d00042a8849
2022-12-18 15:29:15.749 ERROR (MainThread) [homeassistant.components.mqtt.select] Invalid option for select.reguliator_gostinnaia_working_day: '0' (valid options: ['mon_sun', 'mon_fri+sat+sun', 'separate'])
2022-12-18 15:29:15.779 WARNING (MainThread) [homeassistant.components.mqtt.discovery] Integration update is not supported
2022-12-18 15:29:15.806 WARNING (MainThread) [homeassistant.components.mqtt.discovery] Integration update is not supported
2022-12-18 15:29:15.808 WARNING (MainThread) [homeassistant.components.mqtt.discovery] Integration update is not supported
2022-12-18 15:29:15.816 WARNING (MainThread) [homeassistant.components.mqtt.discovery] Integration update is not supported
2022-12-18 15:29:15.818 WARNING (MainThread) [homeassistant.components.mqtt.discovery] Integration update is not supported
2022-12-18 15:30:13.211 WARNING (MainThread) [homeassistant.components.mqtt.light.schema_json] Invalid color mode received for entity light.0x00158d00042a8849
2022-12-18 15:35:45.196 WARNING (MainThread) [homeassistant.components.mqtt.light.schema_json] Invalid color mode received for entity light.0x00158d00042a8849
2022-12-18 15:42:13.195 WARNING (MainThread) [homeassistant.components.mqtt.light.schema_json] Invalid color mode received for entity light.0x00158d00042a8849
2022-12-18 15:48:18.206 WARNING (MainThread) [homeassistant.components.mqtt.light.schema_json] Invalid color mode received for entity light.0x00158d00042a8849
2022-12-18 15:53:19.204 WARNING (MainThread) [homeassistant.components.mqtt.light.schema_json] Invalid color mode received for entity light.0x00158d00042a8849
2022-12-18 15:59:25.197 WARNING (MainThread) [homeassistant.components.mqtt.light.schema_json] Invalid color mode received for entity light.0x00158d00042a8849
2022-12-18 16:04:54.213 WARNING (MainThread) [homeassistant.components.mqtt.light.schema_json] Invalid color mode received for entity light.0x00158d00042a8849
2022-12-18 16:09:56.211 WARNING (MainThread) [homeassistant.components.mqtt.light.schema_json] Invalid color mode received for entity light.0x00158d00042a8849
2022-12-18 16:15:20.208 WARNING (MainThread) [homeassistant.components.mqtt.light.schema_json] Invalid color mode received for entity light.0x00158d00042a8849
2022-12-18 16:21:05.215 WARNING (MainThread) [homeassistant.components.mqtt.light.schema_json] Invalid color mode received for entity light.0x00158d00042a8849
2022-12-18 16:27:22.205 WARNING (MainThread) [homeassistant.components.mqtt.light.schema_json] Invalid color mode received for entity light.0x00158d00042a8849
2022-12-18 16:32:48.231 WARNING (MainThread) [homeassistant.components.mqtt.light.schema_json] Invalid color mode received for entity light.0x00158d00042a8849
2022-12-18 16:33:15.647 WARNING (MainThread) [homeassistant.helpers.entity] Update of light.koridor_light is taking over 10 seconds
2022-12-18 16:33:26.100 ERROR (SyncWorker_2) [miio.miioprotocol] Got error when receiving: timed out
2022-12-18 16:33:45.647 WARNING (MainThread) [homeassistant.helpers.entity] Update of light.koridor_light is taking over 10 seconds
2022-12-18 16:33:56.450 ERROR (SyncWorker_1) [miio.miioprotocol] Got error when receiving: timed out
2022-12-18 16:34:15.647 WARNING (MainThread) [homeassistant.helpers.entity] Update of light.koridor_light is taking over 10 seconds
2022-12-18 16:34:26.054 ERROR (SyncWorker_5) [miio.miioprotocol] Got error when receiving: timed out
2022-12-18 16:34:45.649 WARNING (MainThread) [homeassistant.helpers.entity] Update of light.koridor_light is taking over 10 seconds
2022-12-18 16:34:56.120 ERROR (SyncWorker_2) [miio.miioprotocol] Got error when receiving: timed out
2022-12-18 16:35:15.648 WARNING (MainThread) [homeassistant.helpers.entity] Update of light.koridor_light is taking over 10 seconds
2022-12-18 16:35:25.853 ERROR (SyncWorker_1) [miio.miioprotocol] Got error when receiving: timed out
2022-12-18 16:35:45.649 WARNING (MainThread) [homeassistant.helpers.entity] Update of light.koridor_light is taking over 10 seconds
2022-12-18 16:35:55.972 ERROR (SyncWorker_5) [miio.miioprotocol] Got error when receiving: timed out
2022-12-18 16:36:15.650 WARNING (MainThread) [homeassistant.helpers.entity] Update of light.koridor_light is taking over 10 seconds
2022-12-18 16:36:25.958 ERROR (SyncWorker_6) [miio.miioprotocol] Got error when receiving: timed out
2022-12-18 16:36:45.652 WARNING (MainThread) [homeassistant.helpers.entity] Update of light.koridor_light is taking over 10 seconds
2022-12-18 16:36:56.164 ERROR (SyncWorker_1) [miio.miioprotocol] Got error when receiving: timed out
2022-12-18 16:37:15.653 WARNING (MainThread) [homeassistant.helpers.entity] Update of light.koridor_light is taking over 10 seconds
2022-12-18 16:37:25.995 ERROR (SyncWorker_0) [miio.miioprotocol] Got error when receiving: timed out
2022-12-18 16:37:45.654 WARNING (MainThread) [homeassistant.helpers.entity] Update of light.koridor_light is taking over 10 seconds
2022-12-18 16:37:56.020 ERROR (SyncWorker_6) [miio.miioprotocol] Got error when receiving: timed out
2022-12-18 16:38:15.655 WARNING (MainThread) [homeassistant.helpers.entity] Update of light.koridor_light is taking over 10 seconds
2022-12-18 16:38:25.970 ERROR (SyncWorker_1) [miio.miioprotocol] Got error when receiving: timed out
2022-12-18 16:38:45.656 WARNING (MainThread) [homeassistant.helpers.entity] Update of light.koridor_light is taking over 10 seconds
2022-12-18 16:38:52.217 WARNING (MainThread) [homeassistant.components.mqtt.light.schema_json] Invalid color mode received for entity light.0x00158d00042a8849
2022-12-18 16:38:56.033 ERROR (SyncWorker_0) [miio.miioprotocol] Got error when receiving: timed out
2022-12-18 16:39:15.657 WARNING (MainThread) [homeassistant.helpers.entity] Update of light.koridor_light is taking over 10 seconds
2022-12-18 16:39:26.045 ERROR (SyncWorker_6) [miio.miioprotocol] Got error when receiving: timed out
2022-12-18 16:39:45.657 WARNING (MainThread) [homeassistant.helpers.entity] Update of light.koridor_light is taking over 10 seconds
2022-12-18 16:39:56.044 ERROR (SyncWorker_1) [miio.miioprotocol] Got error when receiving: timed out
2022-12-18 16:40:15.658 WARNING (MainThread) [homeassistant.helpers.entity] Update of light.koridor_light is taking over 10 seconds
2022-12-18 16:40:25.987 ERROR (SyncWorker_0) [miio.miioprotocol] Got error when receiving: timed out
2022-12-18 16:40:45.660 WARNING (MainThread) [homeassistant.helpers.entity] Update of light.koridor_light is taking over 10 seconds
2022-12-18 16:40:55.992 ERROR (SyncWorker_6) [miio.miioprotocol] Got error when receiving: timed out
2022-12-18 16:41:15.661 WARNING (MainThread) [homeassistant.helpers.entity] Update of light.koridor_light is taking over 10 seconds
2022-12-18 16:41:25.996 ERROR (SyncWorker_1) [miio.miioprotocol] Got error when receiving: timed out
2022-12-18 16:41:45.661 WARNING (MainThread) [homeassistant.helpers.entity] Update of light.koridor_light is taking over 10 seconds
2022-12-18 16:41:55.989 ERROR (SyncWorker_2) [miio.miioprotocol] Got error when receiving: timed out
2022-12-18 16:42:15.663 WARNING (MainThread) [homeassistant.helpers.entity] Update of light.koridor_light is taking over 10 seconds
2022-12-18 16:42:25.996 ERROR (SyncWorker_0) [miio.miioprotocol] Got error when receiving: timed out
2022-12-18 16:42:45.664 WARNING (MainThread) [homeassistant.helpers.entity] Update of light.koridor_light is taking over 10 seconds
2022-12-18 16:42:55.996 ERROR (SyncWorker_1) [miio.miioprotocol] Got error when receiving: timed out
2022-12-18 16:43:15.664 WARNING (MainThread) [homeassistant.helpers.entity] Update of light.koridor_light is taking over 10 seconds
2022-12-18 16:43:25.941 ERROR (SyncWorker_2) [miio.miioprotocol] Got error when receiving: timed out
2022-12-18 16:43:45.667 WARNING (MainThread) [homeassistant.helpers.entity] Update of light.koridor_light is taking over 10 seconds
2022-12-18 16:43:55.751 ERROR (SyncWorker_0) [miio.miioprotocol] Got error when receiving: timed out
2022-12-18 16:44:15.666 WARNING (MainThread) [homeassistant.helpers.entity] Update of light.koridor_light is taking over 10 seconds
2022-12-18 16:44:54.204 WARNING (MainThread) [homeassistant.components.mqtt.light.schema_json] Invalid color mode received for entity light.0x00158d00042a8849
2022-12-18 16:51:12.210 WARNING (MainThread) [homeassistant.components.mqtt.light.schema_json] Invalid color mode received for entity light.0x00158d00042a8849
2022-12-18 16:56:51.217 WARNING (MainThread) [homeassistant.components.mqtt.light.schema_json] Invalid color mode received for entity light.0x00158d00042a8849
2022-12-18 17:00:15.697 WARNING (MainThread) [homeassistant.helpers.entity] Update of light.koridor_light is taking over 10 seconds
2022-12-18 17:00:25.879 ERROR (SyncWorker_0) [miio.miioprotocol] Got error when receiving: timed out
2022-12-18 17:00:45.698 WARNING (MainThread) [homeassistant.helpers.entity] Update of light.koridor_light is taking over 10 seconds
2022-12-18 17:00:56.518 ERROR (SyncWorker_2) [miio.miioprotocol] Got error when receiving: timed out
2022-12-18 17:01:15.699 WARNING (MainThread) [homeassistant.helpers.entity] Update of light.koridor_light is taking over 10 seconds
2022-12-18 17:01:26.229 ERROR (SyncWorker_6) [miio.miioprotocol] Got error when receiving: timed out
2022-12-18 17:01:45.699 WARNING (MainThread) [homeassistant.helpers.entity] Update of light.koridor_light is taking over 10 seconds
2022-12-18 17:01:55.830 ERROR (SyncWorker_0) [miio.miioprotocol] Got error when receiving: timed out
2022-12-18 17:02:15.700 WARNING (MainThread) [homeassistant.helpers.entity] Update of light.koridor_light is taking over 10 seconds
2022-12-18 17:02:26.153 ERROR (SyncWorker_2) [miio.miioprotocol] Got error when receiving: timed out
2022-12-18 17:02:45.702 WARNING (MainThread) [homeassistant.helpers.entity] Update of light.koridor_light is taking over 10 seconds
2022-12-18 17:02:56.224 ERROR (SyncWorker_6) [miio.miioprotocol] Got error when receiving: timed out
2022-12-18 17:02:58.205 WARNING (MainThread) [homeassistant.components.mqtt.light.schema_json] Invalid color mode received for entity light.0x00158d00042a8849
2022-12-18 17:03:15.703 WARNING (MainThread) [homeassistant.helpers.entity] Update of light.koridor_light is taking over 10 seconds
2022-12-18 17:03:26.178 ERROR (SyncWorker_0) [miio.miioprotocol] Got error when receiving: timed out
2022-12-18 17:03:45.704 WARNING (MainThread) [homeassistant.helpers.entity] Update of light.koridor_light is taking over 10 seconds
2022-12-18 17:03:56.136 ERROR (SyncWorker_4) [miio.miioprotocol] Got error when receiving: timed out
2022-12-18 17:04:15.704 WARNING (MainThread) [homeassistant.helpers.entity] Update of light.koridor_light is taking over 10 seconds
2022-12-18 17:04:26.346 ERROR (SyncWorker_4) [miio.miioprotocol] Got error when receiving: timed out
2022-12-18 17:04:45.705 WARNING (MainThread) [homeassistant.helpers.entity] Update of light.koridor_light is taking over 10 seconds
2022-12-18 17:04:56.351 ERROR (SyncWorker_3) [miio.miioprotocol] Got error when receiving: timed out
2022-12-18 17:05:15.706 WARNING (MainThread) [homeassistant.helpers.entity] Update of light.koridor_light is taking over 10 seconds
2022-12-18 17:05:26.351 ERROR (SyncWorker_0) [miio.miioprotocol] Got error when receiving: timed out
2022-12-18 17:05:45.706 WARNING (MainThread) [homeassistant.helpers.entity] Update of light.koridor_light is taking over 10 seconds
2022-12-18 17:05:55.835 ERROR (SyncWorker_4) [miio.miioprotocol] Got error when receiving: timed out
2022-12-18 17:06:15.707 WARNING (MainThread) [homeassistant.helpers.entity] Update of light.koridor_light is taking over 10 seconds
2022-12-18 17:06:26.053 ERROR (SyncWorker_3) [miio.miioprotocol] Got error when receiving: timed out
2022-12-18 17:06:45.709 WARNING (MainThread) [homeassistant.helpers.entity] Update of light.koridor_light is taking over 10 seconds
2022-12-18 17:06:56.149 ERROR (SyncWorker_0) [miio.miioprotocol] Got error when receiving: timed out
2022-12-18 17:07:15.710 WARNING (MainThread) [homeassistant.helpers.entity] Update of light.koridor_light is taking over 10 seconds
2022-12-18 17:07:26.670 ERROR (SyncWorker_4) [miio.miioprotocol] Got error when receiving: timed out
2022-12-18 17:07:45.711 WARNING (MainThread) [homeassistant.helpers.entity] Update of light.koridor_light is taking over 10 seconds
2022-12-18 17:07:56.194 ERROR (SyncWorker_3) [miio.miioprotocol] Got error when receiving: timed out
2022-12-18 17:08:15.711 WARNING (MainThread) [homeassistant.helpers.entity] Update of light.koridor_light is taking over 10 seconds
2022-12-18 17:08:25.786 ERROR (SyncWorker_0) [miio.miioprotocol] Got error when receiving: timed out
2022-12-18 17:08:45.713 WARNING (MainThread) [homeassistant.helpers.entity] Update of light.koridor_light is taking over 10 seconds
2022-12-18 17:08:47.243 WARNING (MainThread) [homeassistant.components.mqtt.light.schema_json] Invalid color mode received for entity light.0x00158d00042a8849
2022-12-18 17:08:55.788 ERROR (SyncWorker_4) [miio.miioprotocol] Got error when receiving: timed out
2022-12-18 17:09:15.715 WARNING (MainThread) [homeassistant.helpers.entity] Update of light.koridor_light is taking over 10 seconds
2022-12-18 17:09:25.785 ERROR (SyncWorker_1) [miio.miioprotocol] Got error when receiving: timed out
2022-12-18 17:09:45.715 WARNING (MainThread) [homeassistant.helpers.entity] Update of light.koridor_light is taking over 10 seconds
2022-12-18 17:09:55.786 ERROR (SyncWorker_6) [miio.miioprotocol] Got error when receiving: timed out
2022-12-18 17:10:15.716 WARNING (MainThread) [homeassistant.helpers.entity] Update of light.koridor_light is taking over 10 seconds
2022-12-18 17:10:25.789 ERROR (SyncWorker_5) [miio.miioprotocol] Got error when receiving: timed out
2022-12-18 17:10:45.718 WARNING (MainThread) [homeassistant.helpers.entity] Update of light.koridor_light is taking over 10 seconds
2022-12-18 17:10:55.790 ERROR (SyncWorker_1) [miio.miioprotocol] Got error when receiving: timed out
2022-12-18 17:11:15.720 WARNING (MainThread) [homeassistant.helpers.entity] Update of light.koridor_light is taking over 10 seconds
2022-12-18 17:11:25.790 ERROR (SyncWorker_6) [miio.miioprotocol] Got error when receiving: timed out
2022-12-18 17:11:45.720 WARNING (MainThread) [homeassistant.helpers.entity] Update of light.koridor_light is taking over 10 seconds
2022-12-18 17:11:55.792 ERROR (SyncWorker_5) [miio.miioprotocol] Got error when receiving: timed out
2022-12-18 17:12:15.722 WARNING (MainThread) [homeassistant.helpers.entity] Update of light.koridor_light is taking over 10 seconds
2022-12-18 17:12:25.820 ERROR (SyncWorker_1) [miio.miioprotocol] Got error when receiving: timed out
2022-12-18 17:12:45.722 WARNING (MainThread) [homeassistant.helpers.entity] Update of light.koridor_light is taking over 10 seconds
2022-12-18 17:12:55.792 ERROR (SyncWorker_6) [miio.miioprotocol] Got error when receiving: timed out
2022-12-18 17:13:15.723 WARNING (MainThread) [homeassistant.helpers.entity] Update of light.koridor_light is taking over 10 seconds
2022-12-18 17:13:25.798 ERROR (SyncWorker_5) [miio.miioprotocol] Got error when receiving: timed out
2022-12-18 17:13:45.724 WARNING (MainThread) [homeassistant.helpers.entity] Update of light.koridor_light is taking over 10 seconds
2022-12-18 17:13:55.196 WARNING (MainThread) [homeassistant.components.mqtt.light.schema_json] Invalid color mode received for entity light.0x00158d00042a8849
2022-12-18 17:13:55.793 ERROR (SyncWorker_1) [miio.miioprotocol] Got error when receiving: timed out
2022-12-18 17:14:15.725 WARNING (MainThread) [homeassistant.helpers.entity] Update of light.koridor_light is taking over 10 seconds
2022-12-18 17:14:25.794 ERROR (SyncWorker_2) [miio.miioprotocol] Got error when receiving: timed out
2022-12-18 17:14:45.726 WARNING (MainThread) [homeassistant.helpers.entity] Update of light.koridor_light is taking over 10 seconds
2022-12-18 17:14:55.795 ERROR (SyncWorker_4) [miio.miioprotocol] Got error when receiving: timed out
2022-12-18 17:15:15.727 WARNING (MainThread) [homeassistant.helpers.entity] Update of light.koridor_light is taking over 10 seconds
2022-12-18 17:15:25.802 ERROR (SyncWorker_5) [miio.miioprotocol] Got error when receiving: timed out
2022-12-18 17:15:45.729 WARNING (MainThread) [homeassistant.helpers.entity] Update of light.koridor_light is taking over 10 seconds
2022-12-18 17:15:55.801 ERROR (SyncWorker_6) [miio.miioprotocol] Got error when receiving: timed out
2022-12-18 17:16:15.729 WARNING (MainThread) [homeassistant.helpers.entity] Update of light.koridor_light is taking over 10 seconds
2022-12-18 17:16:25.810 ERROR (SyncWorker_4) [miio.miioprotocol] Got error when receiving: timed out
2022-12-18 17:16:45.731 WARNING (MainThread) [homeassistant.helpers.entity] Update of light.koridor_light is taking over 10 seconds
2022-12-18 17:16:55.805 ERROR (SyncWorker_5) [miio.miioprotocol] Got error when receiving: timed out
2022-12-18 17:17:15.731 WARNING (MainThread) [homeassistant.helpers.entity] Update of light.koridor_light is taking over 10 seconds
2022-12-18 17:17:25.808 ERROR (SyncWorker_6) [miio.miioprotocol] Got error when receiving: timed out
2022-12-18 17:17:45.733 WARNING (MainThread) [homeassistant.helpers.entity] Update of light.koridor_light is taking over 10 seconds
2022-12-18 17:17:55.803 ERROR (SyncWorker_4) [miio.miioprotocol] Got error when receiving: timed out
2022-12-18 17:18:15.734 WARNING (MainThread) [homeassistant.helpers.entity] Update of light.koridor_light is taking over 10 seconds
2022-12-18 17:18:25.812 ERROR (SyncWorker_5) [miio.miioprotocol] Got error when receiving: timed out
2022-12-18 17:18:45.735 WARNING (MainThread) [homeassistant.helpers.entity] Update of light.koridor_light is taking over 10 seconds
2022-12-18 17:18:55.813 ERROR (SyncWorker_6) [miio.miioprotocol] Got error when receiving: timed out
2022-12-18 17:19:15.736 WARNING (MainThread) [homeassistant.helpers.entity] Update of light.koridor_light is taking over 10 seconds
2022-12-18 17:19:25.808 ERROR (SyncWorker_4) [miio.miioprotocol] Got error when receiving: timed out
2022-12-18 17:19:45.736 WARNING (MainThread) [homeassistant.helpers.entity] Update of light.koridor_light is taking over 10 seconds
2022-12-18 17:19:55.815 ERROR (SyncWorker_5) [miio.miioprotocol] Got error when receiving: timed out
2022-12-18 17:20:15.208 WARNING (MainThread) [homeassistant.components.mqtt.light.schema_json] Invalid color mode received for entity light.0x00158d00042a8849
2022-12-18 17:20:15.738 WARNING (MainThread) [homeassistant.helpers.entity] Update of light.koridor_light is taking over 10 seconds
2022-12-18 17:20:25.813 ERROR (SyncWorker_6) [miio.miioprotocol] Got error when receiving: timed out
2022-12-18 17:20:45.738 WARNING (MainThread) [homeassistant.helpers.entity] Update of light.koridor_light is taking over 10 seconds
2022-12-18 17:20:55.816 ERROR (SyncWorker_2) [miio.miioprotocol] Got error when receiving: timed out
2022-12-18 17:21:15.740 WARNING (MainThread) [homeassistant.helpers.entity] Update of light.koridor_light is taking over 10 seconds
2022-12-18 17:21:25.812 ERROR (SyncWorker_3) [miio.miioprotocol] Got error when receiving: timed out
2022-12-18 17:21:45.741 WARNING (MainThread) [homeassistant.helpers.entity] Update of light.koridor_light is taking over 10 seconds
2022-12-18 17:21:55.814 ERROR (SyncWorker_5) [miio.miioprotocol] Got error when receiving: timed out
2022-12-18 17:22:15.743 WARNING (MainThread) [homeassistant.helpers.entity] Update of light.koridor_light is taking over 10 seconds
2022-12-18 17:22:25.817 ERROR (SyncWorker_4) [miio.miioprotocol] Got error when receiving: timed out
2022-12-18 17:22:45.745 WARNING (MainThread) [homeassistant.helpers.entity] Update of light.koridor_light is taking over 10 seconds
2022-12-18 17:22:55.818 ERROR (SyncWorker_3) [miio.miioprotocol] Got error when receiving: timed out
2022-12-18 17:23:15.747 WARNING (MainThread) [homeassistant.helpers.entity] Update of light.koridor_light is taking over 10 seconds
2022-12-18 17:26:14.211 WARNING (MainThread) [homeassistant.components.mqtt.light.schema_json] Invalid color mode received for entity light.0x00158d00042a8849
2022-12-18 17:31:55.204 WARNING (MainThread) [homeassistant.components.mqtt.light.schema_json] Invalid color mode received for entity light.0x00158d00042a8849
2022-12-18 17:33:45.770 WARNING (MainThread) [homeassistant.helpers.entity] Update of light.koridor_light is taking over 10 seconds
2022-12-18 17:33:55.878 ERROR (SyncWorker_5) [miio.miioprotocol] Got error when receiving: timed out
2022-12-18 17:34:15.771 WARNING (MainThread) [homeassistant.helpers.entity] Update of light.koridor_light is taking over 10 seconds
2022-12-18 17:34:25.859 ERROR (SyncWorker_3) [miio.miioprotocol] Got error when receiving: timed out
2022-12-18 17:34:45.772 WARNING (MainThread) [homeassistant.helpers.entity] Update of light.koridor_light is taking over 10 seconds
2022-12-18 17:34:56.021 ERROR (SyncWorker_4) [miio.miioprotocol] Got error when receiving: timed out
2022-12-18 17:35:15.773 WARNING (MainThread) [homeassistant.helpers.entity] Update of light.koridor_light is taking over 10 seconds
2022-12-18 17:35:25.882 ERROR (SyncWorker_5) [miio.miioprotocol] Got error when receiving: timed out
2022-12-18 17:35:45.775 WARNING (MainThread) [homeassistant.helpers.entity] Update of light.koridor_light is taking over 10 seconds
2022-12-18 17:35:55.896 ERROR (SyncWorker_3) [miio.miioprotocol] Got error when receiving: timed out
2022-12-18 17:36:15.777 WARNING (MainThread) [homeassistant.helpers.entity] Update of light.koridor_light is taking over 10 seconds
2022-12-18 17:36:25.893 ERROR (SyncWorker_4) [miio.miioprotocol] Got error when receiving: timed out
2022-12-18 17:36:45.776 WARNING (MainThread) [homeassistant.helpers.entity] Update of light.koridor_light is taking over 10 seconds
2022-12-18 17:36:55.923 ERROR (SyncWorker_5) [miio.miioprotocol] Got error when receiving: timed out
2022-12-18 17:37:10.198 WARNING (MainThread) [homeassistant.components.mqtt.light.schema_json] Invalid color mode received for entity light.0x00158d00042a8849
2022-12-18 17:37:15.777 WARNING (MainThread) [homeassistant.helpers.entity] Update of light.koridor_light is taking over 10 seconds
2022-12-18 17:37:25.932 ERROR (SyncWorker_0) [miio.miioprotocol] Got error when receiving: timed out
2022-12-18 17:37:45.779 WARNING (MainThread) [homeassistant.helpers.entity] Update of light.koridor_light is taking over 10 seconds
2022-12-18 17:37:56.148 ERROR (SyncWorker_6) [miio.miioprotocol] Got error when receiving: timed out
2022-12-18 17:38:15.782 WARNING (MainThread) [homeassistant.helpers.entity] Update of light.koridor_light is taking over 10 seconds
2022-12-18 17:38:26.148 ERROR (SyncWorker_5) [miio.miioprotocol] Got error when receiving: timed out
2022-12-18 17:38:45.781 WARNING (MainThread) [homeassistant.helpers.entity] Update of light.koridor_light is taking over 10 seconds
2022-12-18 17:38:56.149 ERROR (SyncWorker_0) [miio.miioprotocol] Got error when receiving: timed out
2022-12-18 17:39:15.782 WARNING (MainThread) [homeassistant.helpers.entity] Update of light.koridor_light is taking over 10 seconds
2022-12-18 17:39:25.866 ERROR (SyncWorker_6) [miio.miioprotocol] Got error when receiving: timed out
2022-12-18 17:39:45.783 WARNING (MainThread) [homeassistant.helpers.entity] Update of light.koridor_light is taking over 10 seconds
2022-12-18 17:39:56.202 ERROR (SyncWorker_5) [miio.miioprotocol] Got error when receiving: timed out
2022-12-18 17:40:15.785 WARNING (MainThread) [homeassistant.helpers.entity] Update of light.koridor_light is taking over 10 seconds
2022-12-18 17:40:25.903 ERROR (SyncWorker_0) [miio.miioprotocol] Got error when receiving: timed out
2022-12-18 17:40:45.785 WARNING (MainThread) [homeassistant.helpers.entity] Update of light.koridor_light is taking over 10 seconds
2022-12-18 17:40:56.226 ERROR (SyncWorker_6) [miio.miioprotocol] Got error when receiving: timed out
2022-12-18 17:41:15.787 WARNING (MainThread) [homeassistant.helpers.entity] Update of light.koridor_light is taking over 10 seconds
2022-12-18 17:41:25.930 ERROR (SyncWorker_5) [miio.miioprotocol] Got error when receiving: timed out
2022-12-18 17:41:45.789 WARNING (MainThread) [homeassistant.helpers.entity] Update of light.koridor_light is taking over 10 seconds
2022-12-18 17:41:55.941 ERROR (SyncWorker_0) [miio.miioprotocol] Got error when receiving: timed out
2022-12-18 17:42:15.790 WARNING (MainThread) [homeassistant.helpers.entity] Update of light.koridor_light is taking over 10 seconds
2022-12-18 17:42:26.165 ERROR (SyncWorker_6) [miio.miioprotocol] Got error when receiving: timed out
2022-12-18 17:42:45.789 WARNING (MainThread) [homeassistant.helpers.entity] Update of light.koridor_light is taking over 10 seconds
2022-12-18 17:42:46.219 WARNING (MainThread) [homeassistant.components.mqtt.light.schema_json] Invalid color mode received for entity light.0x00158d00042a8849
2022-12-18 17:42:56.077 ERROR (SyncWorker_4) [miio.miioprotocol] Got error when receiving: timed out
2022-12-18 17:43:15.792 WARNING (MainThread) [homeassistant.helpers.entity] Update of light.koridor_light is taking over 10 seconds
2022-12-18 17:43:26.085 ERROR (SyncWorker_5) [miio.miioprotocol] Got error when receiving: timed out
2022-12-18 17:43:45.792 WARNING (MainThread) [homeassistant.helpers.entity] Update of light.koridor_light is taking over 10 seconds
2022-12-18 17:43:55.889 ERROR (SyncWorker_2) [miio.miioprotocol] Got error when receiving: timed out
2022-12-18 17:44:15.793 WARNING (MainThread) [homeassistant.helpers.entity] Update of light.koridor_light is taking over 10 seconds
2022-12-18 17:44:25.900 ERROR (SyncWorker_0) [miio.miioprotocol] Got error when receiving: timed out
2022-12-18 17:44:45.794 WARNING (MainThread) [homeassistant.helpers.entity] Update of light.koridor_light is taking over 10 seconds
2022-12-18 17:44:55.859 ERROR (SyncWorker_3) [miio.miioprotocol] Got error when receiving: timed out
2022-12-18 17:45:15.795 WARNING (MainThread) [homeassistant.helpers.entity] Update of light.koridor_light is taking over 10 seconds
2022-12-18 17:45:25.865 ERROR (SyncWorker_1) [miio.miioprotocol] Got error when receiving: timed out
2022-12-18 17:45:45.796 WARNING (MainThread) [homeassistant.helpers.entity] Update of light.koridor_light is taking over 10 seconds
2022-12-18 17:45:55.866 ERROR (SyncWorker_0) [miio.miioprotocol] Got error when receiving: timed out
2022-12-18 17:46:15.798 WARNING (MainThread) [homeassistant.helpers.entity] Update of light.koridor_light is taking over 10 seconds
2022-12-18 17:46:26.053 ERROR (SyncWorker_3) [miio.miioprotocol] Got error when receiving: timed out
2022-12-18 17:46:45.799 WARNING (MainThread) [homeassistant.helpers.entity] Update of light.koridor_light is taking over 10 seconds
2022-12-18 17:46:55.875 ERROR (SyncWorker_1) [miio.miioprotocol] Got error when receiving: timed out
2022-12-18 17:47:15.800 WARNING (MainThread) [homeassistant.helpers.entity] Update of light.koridor_light is taking over 10 seconds
2022-12-18 17:47:25.876 ERROR (SyncWorker_0) [miio.miioprotocol] Got error when receiving: timed out
2022-12-18 17:47:45.803 WARNING (MainThread) [homeassistant.helpers.entity] Update of light.koridor_light is taking over 10 seconds
2022-12-18 17:47:56.122 ERROR (SyncWorker_3) [miio.miioprotocol] Got error when receiving: timed out
2022-12-18 17:48:15.802 WARNING (MainThread) [homeassistant.helpers.entity] Update of light.koridor_light is taking over 10 seconds
2022-12-18 17:48:25.891 ERROR (SyncWorker_5) [miio.miioprotocol] Got error when receiving: timed out
2022-12-18 17:48:45.804 WARNING (MainThread) [homeassistant.helpers.entity] Update of light.koridor_light is taking over 10 seconds
2022-12-18 17:48:55.875 ERROR (SyncWorker_4) [miio.miioprotocol] Got error when receiving: timed out
2022-12-18 17:49:08.228 WARNING (MainThread) [homeassistant.components.mqtt.light.schema_json] Invalid color mode received for entity light.0x00158d00042a8849
2022-12-18 17:49:15.805 WARNING (MainThread) [homeassistant.helpers.entity] Update of light.koridor_light is taking over 10 seconds
2022-12-18 17:49:25.925 ERROR (SyncWorker_3) [miio.miioprotocol] Got error when receiving: timed out
2022-12-18 17:49:45.806 WARNING (MainThread) [homeassistant.helpers.entity] Update of light.koridor_light is taking over 10 seconds
2022-12-18 17:49:55.938 ERROR (SyncWorker_5) [miio.miioprotocol] Got error when receiving: timed out
2022-12-18 17:50:15.807 WARNING (MainThread) [homeassistant.helpers.entity] Update of light.koridor_light is taking over 10 seconds
2022-12-18 17:50:25.952 ERROR (SyncWorker_4) [miio.miioprotocol] Got error when receiving: timed out
2022-12-18 17:50:45.808 WARNING (MainThread) [homeassistant.helpers.entity] Update of light.koridor_light is taking over 10 seconds
2022-12-18 17:50:55.880 ERROR (SyncWorker_3) [miio.miioprotocol] Got error when receiving: timed out
2022-12-18 17:51:15.809 WARNING (MainThread) [homeassistant.helpers.entity] Update of light.koridor_light is taking over 10 seconds
2022-12-18 17:51:25.884 ERROR (SyncWorker_5) [miio.miioprotocol] Got error when receiving: timed out
2022-12-18 17:51:45.810 WARNING (MainThread) [homeassistant.helpers.entity] Update of light.koridor_light is taking over 10 seconds
2022-12-18 17:51:55.885 ERROR (SyncWorker_4) [miio.miioprotocol] Got error when receiving: timed out
2022-12-18 17:52:15.810 WARNING (MainThread) [homeassistant.helpers.entity] Update of light.koridor_light is taking over 10 seconds
2022-12-18 17:52:26.008 ERROR (SyncWorker_3) [miio.miioprotocol] Got error when receiving: timed out
2022-12-18 17:52:45.812 WARNING (MainThread) [homeassistant.helpers.entity] Update of light.koridor_light is taking over 10 seconds
2022-12-18 17:52:56.470 ERROR (SyncWorker_5) [miio.miioprotocol] Got error when receiving: timed out
2022-12-18 17:53:15.812 WARNING (MainThread) [homeassistant.helpers.entity] Update of light.koridor_light is taking over 10 seconds
2022-12-18 17:53:25.942 ERROR (SyncWorker_4) [miio.miioprotocol] Got error when receiving: timed out
2022-12-18 17:53:45.813 WARNING (MainThread) [homeassistant.helpers.entity] Update of light.koridor_light is taking over 10 seconds
2022-12-18 17:53:55.908 ERROR (SyncWorker_0) [miio.miioprotocol] Got error when receiving: timed out
2022-12-18 17:54:10.203 WARNING (MainThread) [homeassistant.components.mqtt.light.schema_json] Invalid color mode received for entity light.0x00158d00042a8849
2022-12-18 17:54:15.814 WARNING (MainThread) [homeassistant.helpers.entity] Update of light.koridor_light is taking over 10 seconds
2022-12-18 17:54:25.999 ERROR (SyncWorker_2) [miio.miioprotocol] Got error when receiving: timed out
2022-12-18 17:54:45.815 WARNING (MainThread) [homeassistant.helpers.entity] Update of light.koridor_light is taking over 10 seconds
2022-12-18 17:54:55.963 ERROR (SyncWorker_1) [miio.miioprotocol] Got error when receiving: timed out
2022-12-18 17:55:15.817 WARNING (MainThread) [homeassistant.helpers.entity] Update of light.koridor_light is taking over 10 seconds
2022-12-18 17:55:25.976 ERROR (SyncWorker_0) [miio.miioprotocol] Got error when receiving: timed out
2022-12-18 17:55:45.817 WARNING (MainThread) [homeassistant.helpers.entity] Update of light.koridor_light is taking over 10 seconds
2022-12-18 17:55:56.095 ERROR (SyncWorker_2) [miio.miioprotocol] Got error when receiving: timed out
2022-12-18 17:56:15.818 WARNING (MainThread) [homeassistant.helpers.entity] Update of light.koridor_light is taking over 10 seconds
2022-12-18 17:56:26.060 ERROR (SyncWorker_1) [miio.miioprotocol] Got error when receiving: timed out
2022-12-18 17:56:45.819 WARNING (MainThread) [homeassistant.helpers.entity] Update of light.koridor_light is taking over 10 seconds
2022-12-18 17:56:56.013 ERROR (SyncWorker_0) [miio.miioprotocol] Got error when receiving: timed out
2022-12-18 17:57:15.822 WARNING (MainThread) [homeassistant.helpers.entity] Update of light.koridor_light is taking over 10 seconds
2022-12-18 17:57:26.071 ERROR (SyncWorker_2) [miio.miioprotocol] Got error when receiving: timed out
2022-12-18 17:57:45.822 WARNING (MainThread) [homeassistant.helpers.entity] Update of light.koridor_light is taking over 10 seconds
2022-12-18 17:59:32.206 WARNING (MainThread) [homeassistant.components.mqtt.light.schema_json] Invalid color mode received for entity light.0x00158d00042a8849
2022-12-18 18:05:12.205 WARNING (MainThread) [homeassistant.components.mqtt.light.schema_json] Invalid color mode received for entity light.0x00158d00042a8849
2022-12-18 18:11:21.206 WARNING (MainThread) [homeassistant.components.mqtt.light.schema_json] Invalid color mode received for entity light.0x00158d00042a8849
2022-12-18 18:17:14.211 WARNING (MainThread) [homeassistant.components.mqtt.light.schema_json] Invalid color mode received for entity light.0x00158d00042a8849
2022-12-18 18:23:03.220 WARNING (MainThread) [homeassistant.components.mqtt.light.schema_json] Invalid color mode received for entity light.0x00158d00042a8849
2022-12-18 18:27:45.895 WARNING (MainThread) [homeassistant.helpers.entity] Update of light.koridor_light is taking over 10 seconds
2022-12-18 18:27:56.077 ERROR (SyncWorker_2) [miio.miioprotocol] Got error when receiving: timed out
2022-12-18 18:28:10.211 WARNING (MainThread) [homeassistant.components.mqtt.light.schema_json] Invalid color mode received for entity light.0x00158d00042a8849
2022-12-18 18:28:15.896 WARNING (MainThread) [homeassistant.helpers.entity] Update of light.koridor_light is taking over 10 seconds
2022-12-18 18:28:26.171 ERROR (SyncWorker_0) [miio.miioprotocol] Got error when receiving: timed out
2022-12-18 18:28:45.898 WARNING (MainThread) [homeassistant.helpers.entity] Update of light.koridor_light is taking over 10 seconds
2022-12-18 18:28:56.485 ERROR (SyncWorker_6) [miio.miioprotocol] Got error when receiving: timed out
2022-12-18 18:29:15.898 WARNING (MainThread) [homeassistant.helpers.entity] Update of light.koridor_light is taking over 10 seconds
2022-12-18 18:29:26.482 ERROR (SyncWorker_6) [miio.miioprotocol] Got error when receiving: timed out
2022-12-18 18:29:45.902 WARNING (MainThread) [homeassistant.helpers.entity] Update of light.koridor_light is taking over 10 seconds
2022-12-18 18:29:56.200 ERROR (SyncWorker_2) [miio.miioprotocol] Got error when receiving: timed out
2022-12-18 18:30:15.904 WARNING (MainThread) [homeassistant.helpers.entity] Update of light.koridor_light is taking over 10 seconds
2022-12-18 18:30:26.214 ERROR (SyncWorker_0) [miio.miioprotocol] Got error when receiving: timed out
2022-12-18 18:30:45.905 WARNING (MainThread) [homeassistant.helpers.entity] Update of light.koridor_light is taking over 10 seconds
2022-12-18 18:30:56.184 ERROR (SyncWorker_6) [miio.miioprotocol] Got error when receiving: timed out
2022-12-18 18:31:15.907 WARNING (MainThread) [homeassistant.helpers.entity] Update of light.koridor_light is taking over 10 seconds
2022-12-18 18:31:26.084 ERROR (SyncWorker_2) [miio.miioprotocol] Got error when receiving: timed out
2022-12-18 18:31:45.907 WARNING (MainThread) [homeassistant.helpers.entity] Update of light.koridor_light is taking over 10 seconds
2022-12-18 18:31:56.138 ERROR (SyncWorker_0) [miio.miioprotocol] Got error when receiving: timed out
2022-12-18 18:32:15.909 WARNING (MainThread) [homeassistant.helpers.entity] Update of light.koridor_light is taking over 10 seconds
2022-12-18 18:32:23.041 ERROR (MainThread) [homeassistant.components.mqtt.select] Invalid option for select.reguliator_gostinnaia_working_day: '0' (valid options: ['mon_sun', 'mon_fri+sat+sun', 'separate'])
2022-12-18 18:32:24.460 ERROR (MainThread) [homeassistant.components.mqtt.select] Invalid option for select.reguliator_gostinnaia_working_day: '0' (valid options: ['mon_sun', 'mon_fri+sat+sun', 'separate'])
2022-12-18 18:32:24.579 ERROR (MainThread) [homeassistant.components.mqtt.select] Invalid option for select.reguliator_gostinnaia_working_day: '0' (valid options: ['mon_sun', 'mon_fri+sat+sun', 'separate'])
2022-12-18 18:32:26.678 ERROR (SyncWorker_6) [miio.miioprotocol] Got error when receiving: timed out
2022-12-18 18:32:45.911 WARNING (MainThread) [homeassistant.helpers.entity] Update of light.koridor_light is taking over 10 seconds
2022-12-18 18:32:49.084 ERROR (MainThread) [homeassistant.components.mqtt.select] Invalid option for select.reguliator_gostinnaia_working_day: '0' (valid options: ['mon_sun', 'mon_fri+sat+sun', 'separate'])
2022-12-18 18:32:51.199 ERROR (MainThread) [homeassistant.components.mqtt.select] Invalid option for select.reguliator_gostinnaia_working_day: '0' (valid options: ['mon_sun', 'mon_fri+sat+sun', 'separate'])
2022-12-18 18:32:51.321 ERROR (MainThread) [homeassistant.components.mqtt.select] Invalid option for select.reguliator_gostinnaia_working_day: '0' (valid options: ['mon_sun', 'mon_fri+sat+sun', 'separate'])
2022-12-18 18:32:56.503 ERROR (SyncWorker_3) [miio.miioprotocol] Got error when receiving: timed out
2022-12-18 18:33:15.912 WARNING (MainThread) [homeassistant.helpers.entity] Update of light.koridor_light is taking over 10 seconds
2022-12-18 18:33:26.404 ERROR (SyncWorker_1) [miio.miioprotocol] Got error when receiving: timed out
2022-12-18 18:33:45.912 WARNING (MainThread) [homeassistant.helpers.entity] Update of light.koridor_light is taking over 10 seconds
2022-12-18 18:33:56.307 ERROR (SyncWorker_2) [miio.miioprotocol] Got error when receiving: timed out
2022-12-18 18:34:15.913 WARNING (MainThread) [homeassistant.helpers.entity] Update of light.koridor_light is taking over 10 seconds
2022-12-18 18:34:26.010 ERROR (SyncWorker_3) [miio.miioprotocol] Got error when receiving: timed out
2022-12-18 18:34:34.695 ERROR (MainThread) [homeassistant.components.mqtt.select] Invalid option for select.reguliator_gostinnaia_working_day: '0' (valid options: ['mon_sun', 'mon_fri+sat+sun', 'separate'])
2022-12-18 18:34:36.720 ERROR (MainThread) [homeassistant.components.mqtt.select] Invalid option for select.reguliator_gostinnaia_working_day: '0' (valid options: ['mon_sun', 'mon_fri+sat+sun', 'separate'])
2022-12-18 18:34:36.830 ERROR (MainThread) [homeassistant.components.mqtt.select] Invalid option for select.reguliator_gostinnaia_working_day: '0' (valid options: ['mon_sun', 'mon_fri+sat+sun', 'separate'])
2022-12-18 18:34:37.199 WARNING (MainThread) [homeassistant.components.mqtt.light.schema_json] Invalid color mode received for entity light.0x00158d00042a8849
2022-12-18 18:34:43.182 ERROR (MainThread) [homeassistant.components.mqtt.select] Invalid option for select.reguliator_gostinnaia_working_day: '0' (valid options: ['mon_sun', 'mon_fri+sat+sun', 'separate'])
2022-12-18 18:34:45.297 ERROR (MainThread) [homeassistant.components.mqtt.select] Invalid option for select.reguliator_gostinnaia_working_day: '0' (valid options: ['mon_sun', 'mon_fri+sat+sun', 'separate'])
2022-12-18 18:34:45.408 ERROR (MainThread) [homeassistant.components.mqtt.select] Invalid option for select.reguliator_gostinnaia_working_day: '0' (valid options: ['mon_sun', 'mon_fri+sat+sun', 'separate'])
2022-12-18 18:34:45.914 WARNING (MainThread) [homeassistant.helpers.entity] Update of light.koridor_light is taking over 10 seconds
2022-12-18 18:34:56.208 ERROR (SyncWorker_0) [miio.miioprotocol] Got error when receiving: timed out
2022-12-18 18:35:15.916 WARNING (MainThread) [homeassistant.helpers.entity] Update of light.koridor_light is taking over 10 seconds
2022-12-18 18:35:26.447 ERROR (SyncWorker_2) [miio.miioprotocol] Got error when receiving: timed out
2022-12-18 18:35:45.917 WARNING (MainThread) [homeassistant.helpers.entity] Update of light.koridor_light is taking over 10 seconds
2022-12-18 18:35:56.049 ERROR (SyncWorker_5) [miio.miioprotocol] Got error when receiving: timed out
2022-12-18 18:36:15.918 WARNING (MainThread) [homeassistant.helpers.entity] Update of light.koridor_light is taking over 10 seconds
2022-12-18 18:36:26.225 ERROR (SyncWorker_0) [miio.miioprotocol] Got error when receiving: timed out
2022-12-18 18:36:45.920 WARNING (MainThread) [homeassistant.helpers.entity] Update of light.koridor_light is taking over 10 seconds
2022-12-18 18:36:56.641 ERROR (SyncWorker_2) [miio.miioprotocol] Got error when receiving: timed out
2022-12-18 18:37:15.920 WARNING (MainThread) [homeassistant.helpers.entity] Update of light.koridor_light is taking over 10 seconds
2022-12-18 18:37:26.191 ERROR (SyncWorker_5) [miio.miioprotocol] Got error when receiving: timed out
2022-12-18 18:37:45.921 WARNING (MainThread) [homeassistant.helpers.entity] Update of light.koridor_light is taking over 10 seconds
2022-12-18 18:37:56.742 ERROR (SyncWorker_0) [miio.miioprotocol] Got error when receiving: timed out
2022-12-18 18:38:15.923 WARNING (MainThread) [homeassistant.helpers.entity] Update of light.koridor_light is taking over 10 seconds
2022-12-18 18:38:26.649 ERROR (SyncWorker_2) [miio.miioprotocol] Got error when receiving: timed out
2022-12-18 18:38:45.924 WARNING (MainThread) [homeassistant.helpers.entity] Update of light.koridor_light is taking over 10 seconds
2022-12-18 18:38:56.744 ERROR (SyncWorker_5) [miio.miioprotocol] Got error when receiving: timed out
2022-12-18 18:39:15.924 WARNING (MainThread) [homeassistant.helpers.entity] Update of light.koridor_light is taking over 10 seconds
2022-12-18 18:39:26.544 ERROR (SyncWorker_1) [miio.miioprotocol] Got error when receiving: timed out
2022-12-18 18:39:30.434 WARNING (MainThread) [homeassistant.components.mqtt.light.schema_json] Invalid color mode received for entity light.0x00158d00042a8849
2022-12-18 18:39:30.475 WARNING (MainThread) [homeassistant.components.mqtt.light.schema_json] Invalid color mode received for entity light.0x00158d00042a8849
2022-12-18 18:39:45.926 WARNING (MainThread) [homeassistant.helpers.entity] Update of light.koridor_light is taking over 10 seconds
2022-12-18 18:39:55.997 ERROR (SyncWorker_6) [miio.miioprotocol] Got error when receiving: timed out
2022-12-18 18:39:56.213 WARNING (MainThread) [homeassistant.components.mqtt.light.schema_json] Invalid color mode received for entity light.0x00158d00042a8849
2022-12-18 18:40:15.926 WARNING (MainThread) [homeassistant.helpers.entity] Update of light.koridor_light is taking over 10 seconds
2022-12-18 18:40:25.997 ERROR (SyncWorker_0) [miio.miioprotocol] Got error when receiving: timed out
2022-12-18 18:40:45.927 WARNING (MainThread) [homeassistant.helpers.entity] Update of light.koridor_light is taking over 10 seconds
2022-12-18 18:40:56.556 ERROR (SyncWorker_4) [miio.miioprotocol] Got error when receiving: timed out
2022-12-18 18:41:15.927 WARNING (MainThread) [homeassistant.helpers.entity] Update of light.koridor_light is taking over 10 seconds
2022-12-18 18:41:26.264 ERROR (SyncWorker_5) [miio.miioprotocol] Got error when receiving: timed out
2022-12-18 18:41:45.929 WARNING (MainThread) [homeassistant.helpers.entity] Update of light.koridor_light is taking over 10 seconds
2022-12-18 18:41:56.098 ERROR (SyncWorker_0) [miio.miioprotocol] Got error when receiving: timed out
2022-12-18 18:42:15.931 WARNING (MainThread) [homeassistant.helpers.entity] Update of light.koridor_light is taking over 10 seconds
2022-12-18 18:42:26.010 ERROR (SyncWorker_4) [miio.miioprotocol] Got error when receiving: timed out
2022-12-18 18:42:45.931 WARNING (MainThread) [homeassistant.helpers.entity] Update of light.koridor_light is taking over 10 seconds
2022-12-18 18:42:56.021 ERROR (SyncWorker_5) [miio.miioprotocol] Got error when receiving: timed out
2022-12-18 18:43:15.933 WARNING (MainThread) [homeassistant.helpers.entity] Update of light.koridor_light is taking over 10 seconds
2022-12-18 18:43:26.033 ERROR (SyncWorker_0) [miio.miioprotocol] Got error when receiving: timed out
2022-12-18 18:43:45.935 WARNING (MainThread) [homeassistant.helpers.entity] Update of light.koridor_light is taking over 10 seconds
2022-12-18 18:43:56.051 ERROR (SyncWorker_4) [miio.miioprotocol] Got error when receiving: timed out
2022-12-18 18:44:15.937 WARNING (MainThread) [homeassistant.helpers.entity] Update of light.koridor_light is taking over 10 seconds
2022-12-18 18:44:26.578 ERROR (SyncWorker_3) [miio.miioprotocol] Got error when receiving: timed out
2022-12-18 18:44:45.938 WARNING (MainThread) [homeassistant.helpers.entity] Update of light.koridor_light is taking over 10 seconds
2022-12-18 18:44:56.476 ERROR (SyncWorker_6) [miio.miioprotocol] Got error when receiving: timed out
2022-12-18 18:45:15.938 WARNING (MainThread) [homeassistant.helpers.entity] Update of light.koridor_light is taking over 10 seconds
2022-12-18 18:45:26.011 ERROR (SyncWorker_2) [miio.miioprotocol] Got error when receiving: timed out
2022-12-18 18:45:37.214 WARNING (MainThread) [homeassistant.components.mqtt.light.schema_json] Invalid color mode received for entity light.0x00158d00042a8849
2022-12-18 18:45:45.941 WARNING (MainThread) [homeassistant.helpers.entity] Update of light.koridor_light is taking over 10 seconds
2022-12-18 18:45:56.689 ERROR (SyncWorker_3) [miio.miioprotocol] Got error when receiving: timed out
2022-12-18 18:46:15.942 WARNING (MainThread) [homeassistant.helpers.entity] Update of light.koridor_light is taking over 10 seconds
2022-12-18 18:46:26.012 ERROR (SyncWorker_1) [miio.miioprotocol] Got error when receiving: timed out
2022-12-18 18:46:45.941 WARNING (MainThread) [homeassistant.helpers.entity] Update of light.koridor_light is taking over 10 seconds
2022-12-18 18:46:56.020 ERROR (SyncWorker_5) [miio.miioprotocol] Got error when receiving: timed out
2022-12-18 18:47:15.942 WARNING (MainThread) [homeassistant.helpers.entity] Update of light.koridor_light is taking over 10 seconds
2022-12-18 18:47:26.133 ERROR (SyncWorker_3) [miio.miioprotocol] Got error when receiving: timed out
2022-12-18 18:47:45.944 WARNING (MainThread) [homeassistant.helpers.entity] Update of light.koridor_light is taking over 10 seconds
2022-12-18 18:47:56.044 ERROR (SyncWorker_1) [miio.miioprotocol] Got error when receiving: timed out
2022-12-18 18:48:15.945 WARNING (MainThread) [homeassistant.helpers.entity] Update of light.koridor_light is taking over 10 seconds
2022-12-18 18:48:26.159 ERROR (SyncWorker_5) [miio.miioprotocol] Got error when receiving: timed out
2022-12-18 18:48:45.947 WARNING (MainThread) [homeassistant.helpers.entity] Update of light.koridor_light is taking over 10 seconds
2022-12-18 18:48:56.068 ERROR (SyncWorker_3) [miio.miioprotocol] Got error when receiving: timed out
2022-12-18 18:49:15.947 WARNING (MainThread) [homeassistant.helpers.entity] Update of light.koridor_light is taking over 10 seconds
2022-12-18 18:49:26.052 ERROR (SyncWorker_1) [miio.miioprotocol] Got error when receiving: timed out
2022-12-18 18:49:45.949 WARNING (MainThread) [homeassistant.helpers.entity] Update of light.koridor_light is taking over 10 seconds
2022-12-18 18:49:56.078 ERROR (SyncWorker_5) [miio.miioprotocol] Got error when receiving: timed out
2022-12-18 18:50:15.950 WARNING (MainThread) [homeassistant.helpers.entity] Update of light.koridor_light is taking over 10 seconds
2022-12-18 18:51:07.219 WARNING (MainThread) [homeassistant.components.mqtt.light.schema_json] Invalid color mode received for entity light.0x00158d00042a8849
2022-12-18 18:54:30.444 WARNING (MainThread) [homeassistant.components.mqtt.light.schema_json] Invalid color mode received for entity light.0x00158d00042a8849
2022-12-18 18:54:30.456 WARNING (MainThread) [homeassistant.components.mqtt.light.schema_json] Invalid color mode received for entity light.0x00158d00042a8849
2022-12-18 18:56:29.224 WARNING (MainThread) [homeassistant.components.mqtt.light.schema_json] Invalid color mode received for entity light.0x00158d00042a8849
2022-12-18 19:02:13.250 WARNING (MainThread) [homeassistant.components.mqtt.light.schema_json] Invalid color mode received for entity light.0x00158d00042a8849
2022-12-18 19:08:02.250 WARNING (MainThread) [homeassistant.components.mqtt.light.schema_json] Invalid color mode received for entity light.0x00158d00042a8849
2022-12-18 19:13:35.218 WARNING (MainThread) [homeassistant.components.mqtt.light.schema_json] Invalid color mode received for entity light.0x00158d00042a8849
2022-12-18 19:16:16.003 WARNING (MainThread) [homeassistant.helpers.entity] Update of light.koridor_light is taking over 10 seconds
2022-12-18 19:16:26.210 ERROR (SyncWorker_1) [miio.miioprotocol] Got error when receiving: timed out
2022-12-18 19:16:46.003 WARNING (MainThread) [homeassistant.helpers.entity] Update of light.koridor_light is taking over 10 seconds
2022-12-18 19:16:56.273 ERROR (SyncWorker_0) [miio.miioprotocol] Got error when receiving: timed out
2022-12-18 19:17:16.006 WARNING (MainThread) [homeassistant.helpers.entity] Update of light.koridor_light is taking over 10 seconds
2022-12-18 19:17:26.090 ERROR (SyncWorker_5) [miio.miioprotocol] Got error when receiving: timed out
2022-12-18 19:17:46.006 WARNING (MainThread) [homeassistant.helpers.entity] Update of light.koridor_light is taking over 10 seconds
2022-12-18 19:17:56.105 ERROR (SyncWorker_1) [miio.miioprotocol] Got error when receiving: timed out
2022-12-18 19:18:16.010 WARNING (MainThread) [homeassistant.helpers.entity] Update of light.koridor_light is taking over 10 seconds
2022-12-18 19:18:26.324 ERROR (SyncWorker_0) [miio.miioprotocol] Got error when receiving: timed out
2022-12-18 19:18:46.009 WARNING (MainThread) [homeassistant.helpers.entity] Update of light.koridor_light is taking over 10 seconds
2022-12-18 19:18:56.116 ERROR (SyncWorker_5) [miio.miioprotocol] Got error when receiving: timed out
2022-12-18 19:19:16.009 WARNING (MainThread) [homeassistant.helpers.entity] Update of light.koridor_light is taking over 10 seconds
2022-12-18 19:19:26.494 ERROR (SyncWorker_1) [miio.miioprotocol] Got error when receiving: timed out
2022-12-18 19:19:43.222 WARNING (MainThread) [homeassistant.components.mqtt.light.schema_json] Invalid color mode received for entity light.0x00158d00042a8849
2022-12-18 19:19:46.011 WARNING (MainThread) [homeassistant.helpers.entity] Update of light.koridor_light is taking over 10 seconds
2022-12-18 19:19:56.142 ERROR (SyncWorker_4) [miio.miioprotocol] Got error when receiving: timed out
2022-12-18 19:20:16.012 WARNING (MainThread) [homeassistant.helpers.entity] Update of light.koridor_light is taking over 10 seconds
2022-12-18 19:20:26.272 ERROR (SyncWorker_6) [miio.miioprotocol] Got error when receiving: timed out
2022-12-18 19:20:46.012 WARNING (MainThread) [homeassistant.helpers.entity] Update of light.koridor_light is taking over 10 seconds
2022-12-18 19:20:56.111 ERROR (SyncWorker_1) [miio.miioprotocol] Got error when receiving: timed out
2022-12-18 19:21:16.014 WARNING (MainThread) [homeassistant.helpers.entity] Update of light.koridor_light is taking over 10 seconds
2022-12-18 19:21:26.179 ERROR (SyncWorker_4) [miio.miioprotocol] Got error when receiving: timed out
2022-12-18 19:21:46.016 WARNING (MainThread) [homeassistant.helpers.entity] Update of light.koridor_light is taking over 10 seconds
2022-12-18 19:21:56.922 ERROR (SyncWorker_6) [miio.miioprotocol] Got error when receiving: timed out
2022-12-18 19:22:16.018 WARNING (MainThread) [homeassistant.helpers.entity] Update of light.koridor_light is taking over 10 seconds
2022-12-18 19:22:26.226 ERROR (SyncWorker_1) [miio.miioprotocol] Got error when receiving: timed out
2022-12-18 19:22:46.018 WARNING (MainThread) [homeassistant.helpers.entity] Update of light.koridor_light is taking over 10 seconds
2022-12-18 19:22:56.520 ERROR (SyncWorker_4) [miio.miioprotocol] Got error when receiving: timed out
2022-12-18 19:23:16.020 WARNING (MainThread) [homeassistant.helpers.entity] Update of light.koridor_light is taking over 10 seconds
2022-12-18 19:23:26.245 ERROR (SyncWorker_6) [miio.miioprotocol] Got error when receiving: timed out
2022-12-18 19:23:46.021 WARNING (MainThread) [homeassistant.helpers.entity] Update of light.koridor_light is taking over 10 seconds
2022-12-18 19:23:56.527 ERROR (SyncWorker_1) [miio.miioprotocol] Got error when receiving: timed out
2022-12-18 19:24:16.023 WARNING (MainThread) [homeassistant.helpers.entity] Update of light.koridor_light is taking over 10 seconds
2022-12-18 19:24:26.268 ERROR (SyncWorker_4) [miio.miioprotocol] Got error when receiving: timed out
2022-12-18 19:24:46.022 WARNING (MainThread) [homeassistant.helpers.entity] Update of light.koridor_light is taking over 10 seconds
2022-12-18 19:24:56.286 ERROR (SyncWorker_6) [miio.miioprotocol] Got error when receiving: timed out
2022-12-18 19:25:16.023 WARNING (MainThread) [homeassistant.helpers.entity] Update of light.koridor_light is taking over 10 seconds
2022-12-18 19:25:26.294 ERROR (SyncWorker_5) [miio.miioprotocol] Got error when receiving: timed out
2022-12-18 19:25:34.231 WARNING (MainThread) [homeassistant.components.mqtt.light.schema_json] Invalid color mode received for entity light.0x00158d00042a8849
2022-12-18 19:25:46.024 WARNING (MainThread) [homeassistant.helpers.entity] Update of light.koridor_light is taking over 10 seconds
2022-12-18 19:25:56.101 ERROR (SyncWorker_0) [miio.miioprotocol] Got error when receiving: timed out
2022-12-18 19:26:16.024 WARNING (MainThread) [homeassistant.helpers.entity] Update of light.koridor_light is taking over 10 seconds
2022-12-18 19:26:26.100 ERROR (SyncWorker_6) [miio.miioprotocol] Got error when receiving: timed out
2022-12-18 19:26:46.025 WARNING (MainThread) [homeassistant.helpers.entity] Update of light.koridor_light is taking over 10 seconds
2022-12-18 19:31:03.237 WARNING (MainThread) [homeassistant.components.mqtt.light.schema_json] Invalid color mode received for entity light.0x00158d00042a8849
